Build started 5/9/2015 12:22:36 PM.
     1>Project "H:\Shine\ShineEngine\ShineEngine\ShineEngine.vcxproj" on node 2 (Build target(s)).
     1>ClCompile:
         H:\Programs\VC\bin\CL.exe /c /IH:\Shine\ShineEngine\include /ZI /nologo /W3 /WX- /sdl /Od /Oy- /D WIN32 /D _DEBUG /D _WINDOWS /D _CRT_SECURE_NO_WARNINGS /D _UNICODE /D UNICODE /Gm /EHsc /RTC1 /MDd /GS /fp:precise /Zc:wchar_t /Zc:forScope /Fo"Debug\\" /Fd"Debug\vc120.pdb" /Gd /TP /analyze- /errorReport:prompt GlobalSystem.cpp MeshSystem.cpp
         MeshSystem.cpp
     1>h:\shine\shineengine\shineengine\globalsystem.h(17): error C2143: syntax error : missing ';' before '*'
     1>h:\shine\shineengine\shineengine\globalsystem.h(17): error C4430: missing type specifier - int assumed. Note: C++ does not support default-int
         GlobalSystem.cpp
     1>h:\shine\shineengine\shineengine\mainwindow.h(12): error C2143: syntax error : missing ';' before '*'
     1>h:\shine\shineengine\shineengine\mainwindow.h(12): error C4430: missing type specifier - int assumed. Note: C++ does not support default-int
     1>h:\shine\shineengine\shineengine\mainwindow.h(16): error C2143: syntax error : missing ';' before '*'
     1>h:\shine\shineengine\shineengine\mainwindow.h(16): error C4430: missing type specifier - int assumed. Note: C++ does not support default-int
         Generating Code...
     1>Done Building Project "H:\Shine\ShineEngine\ShineEngine\ShineEngine.vcxproj" (Build target(s)) -- FAILED.

Build FAILED.

Time Elapsed 00:00:01.11
